<?xml version="1.0" encoding="UTF-8"?>
<!-- Generated by org.testng.reporters.JUnitXMLReporter -->
<testsuite ignored="11" hostname="BA-000311899" failures="0" tests="1" name="Default test" time="14.836" errors="0" timestamp="2023-12-15T12:24:12 IST">
  <testcase classname="Automation_PageObject_TestCases.DemoWebSite_TestCases" name="TestData" time="12.552"/>
  <testcase classname="Automation_PageObject_TestCases.DemoWebSite_TestCases" name="webTablePage" time="0.0">
    <ignored/>
  </testcase> <!-- webTablePage -->
  <testcase classname="Automation_PageObject_TestCases.DemoWebSite_TestCases" name="seleniumPage_Links" time="0.0">
    <ignored/>
  </testcase> <!-- seleniumPage_Links -->
  <testcase classname="Automation_PageObject_TestCases.DemoWebSite_TestCases" name="successfullPage" time="0.0">
    <ignored/>
  </testcase> <!-- successfullPage -->
  <testcase classname="Automation_PageObject_TestCases.DemoWebSite_TestCases" name="alertPage" time="0.0">
    <ignored/>
  </testcase> <!-- alertPage -->
  <testcase classname="Automation_PageObject_TestCases.DemoWebSite_TestCases" name="navigateToDemoPage" time="0.0">
    <ignored/>
  </testcase> <!-- navigateToDemoPage -->
  <testcase classname="Automation_PageObject_TestCases.DemoWebSite_TestCases" name="iframePage" time="0.0">
    <ignored/>
  </testcase> <!-- iframePage -->
  <testcase classname="Automation_PageObject_TestCases.DemoWebSite_TestCases" name="mouseEventPage" time="0.0">
    <ignored/>
  </testcase> <!-- mouseEventPage -->
  <testcase classname="Automation_PageObject_TestCases.DemoWebSite_TestCases" name="progressBarPage" time="0.0">
    <ignored/>
  </testcase> <!-- progressBarPage -->
  <testcase classname="Automation_PageObject_TestCases.DemoWebSite_TestCases" name="dynamicPage" time="0.0">
    <ignored/>
  </testcase> <!-- dynamicPage -->
  <testcase classname="Automation_PageObject_TestCases.DemoWebSite_TestCases" name="multiWindowsPage" time="0.0">
    <ignored/>
  </testcase> <!-- multiWindowsPage -->
  <testcase classname="Automation_PageObject_TestCases.DemoWebSite_TestCases" name="homePage" time="0.0">
    <ignored/>
  </testcase> <!-- homePage -->
</testsuite> <!-- Default test -->
