<?xml version="1.0" encoding="UTF-8"?>
<!-- Generated by org.testng.reporters.JUnitXMLReporter -->
<testsuite ignored="0" hostname="BA-000311899" failures="0" tests="3" name="Test" time="7.058" errors="0" timestamp="2023-12-07T11:29:34 IST">
  <testcase classname="Automation_PageObject_TestCases.DemoWebSite_TestCases" name="homePage" time="0.264"/>
  <testcase classname="Automation_PageObject_TestCases.DemoWebSite_TestCases" name="seleniumPage_Links" time="2.626"/>
  <testcase classname="Automation_PageObject_TestCases.DemoWebSite_TestCases" name="navigateToDemoPage" time="1.617"/>
</testsuite> <!-- Test -->
