<html>
<head>
<title>TestNG:  Test</title>
<link href="../testng.css" rel="stylesheet" type="text/css" />
<link href="../my-testng.css" rel="stylesheet" type="text/css" />

<style type="text/css">
.log { display: none;} 
.stack-trace { display: none;} 
</style>
<script type="text/javascript">
<!--
function flip(e) {
  current = e.style.display;
  if (current == 'block') {
    e.style.display = 'none';
    return 0;
  }
  else {
    e.style.display = 'block';
    return 1;
  }
}

function toggleBox(szDivId, elem, msg1, msg2)
{
  var res = -1;  if (document.getElementById) {
    res = flip(document.getElementById(szDivId));
  }
  else if (document.all) {
    // this is the way old msie versions work
    res = flip(document.all[szDivId]);
  }
  if(elem) {
    if(res == 0) elem.innerHTML = msg1; else elem.innerHTML = msg2;
  }

}

function toggleAllBoxes() {
  if (document.getElementsByTagName) {
    d = document.getElementsByTagName('div');
    for (i = 0; i < d.length; i++) {
      if (d[i].className == 'log') {
        flip(d[i]);
      }
    }
  }
}

// -->
</script>

</head>
<body>
<h2 align='center'>Test</h2><table border='1' align="center">
<tr>
<td>Tests passed/Failed/Skipped:</td><td>11/1/0</td>
</tr><tr>
<td>Started on:</td><td>Tue Dec 19 09:18:22 IST 2023</td>
</tr>
<tr><td>Total time:</td><td>91 seconds (91172 ms)</td>
</tr><tr>
<td>Included groups:</td><td></td>
</tr><tr>
<td>Excluded groups:</td><td></td>
</tr>
</table><p/>
<small><i>(Hover the method name to see the test class name)</i></small><p/>
<table width='100%' border='1' class='invocation-failed'>
<tr><td colspan='4' align='center'><b>FAILED TESTS</b></td></tr>
<tr><td><b>Test method</b></td>
<td><b>Attribute(s)</b></td>
<td width="30%"><b>Exception</b></td>
<td width="10%"><b>Time (seconds)</b></td>
<td><b>Instance</b></td>
</tr>
<tr>
<td title='Automation_PageObject_TestCases.DemoWebSite_TestCases.seleniumPage_Links()'><b>seleniumPage_Links</b><br>Test class: Automation_PageObject_TestCases.DemoWebSite_TestCases</td>
<td><div><pre>org.openqa.selenium.NoSuchElementException: no such element: Unable to locate element: {&quot;method&quot;:&quot;link text&quot;,&quot;selector&quot;:&quot;Selenium Training&quot;}
  (Session info: chrome=120.0.6099.72)
For documentation on this error, please visit: https://www.seleniumhq.org/exceptions/no_such_element.html
Build info: version: &apos;3.141.59&apos;, revision: &apos;e82be7d358&apos;, time: &apos;2018-11-14T08:17:03&apos;
System info: host: &apos;BA-000311899&apos;, ip: &apos;192.168.55.104&apos;, os.name: &apos;Windows 10&apos;, os.arch: &apos;amd64&apos;, os.version: &apos;10.0&apos;, java.version: &apos;17.0.8.1&apos;
Driver info: org.openqa.selenium.chrome.ChromeDriver
Capabilities {acceptInsecureCerts: false, browserName: chrome, browserVersion: 120.0.6099.72, chrome: {chromedriverVersion: 120.0.6099.71 (9729082fe617..., userDataDir: C:\Users\PUCHHA~1.PAV\AppDa...}, fedcm:accounts: true, goog:chromeOptions: {debuggerAddress: localhost:54843}, javascriptEnabled: true, networkConnectionEnabled: false, pageLoadStrategy: normal, platform: WINDOWS, platformName: WINDOWS, proxy: Proxy(), setWindowRect: true, strictFileInteractability: false, timeouts: {implicit: 0, pageLoad: 300000, script: 30000}, unhandledPromptBehavior: dismiss and notify, webauthn:extension:credBlob: true, webauthn:extension:largeBlob: true, webauthn:extension:minPinLength: true, webauthn:extension:prf: true, webauthn:virtualAuthenticators: true}
Session ID: 36a44bea34c362ce6bf6dfa80e9109ad
*** Element info: {Using=link text, value=Selenium Training}
	at org.openqa.selenium.remote.http.W3CHttpResponseCodec.createException(W3CHttpResponseCodec.java:187)
	at org.openqa.selenium.remote.http.W3CHttpResponseCodec.decode(W3CHttpResponseCodec.java:122)
	at org.openqa.selenium.remote.http.W3CHttpResponseCodec.decode(W3CHttpResponseCodec.java:49)
	at org.openqa.selenium.remote.HttpCommandExecutor.execute(HttpCommandExecutor.java:158)
	at org.openqa.selenium.remote.service.DriverCommandExecutor.execute(DriverCommandExecutor.java:83)
	at org.openqa.selenium.remote.RemoteWebDriver.execute(RemoteWebDriver.java:552)
	at org.openqa.selenium.remote.RemoteWebDriver.findElement(RemoteWebDriver.java:323)
	at org.openqa.selenium.remote.RemoteWebDriver.findElementByLinkText(RemoteWebDriver.java:380)
	at org.openqa.selenium.By$ByLinkText.findElement(By.java:220)
	at org.openqa.selenium.remote.RemoteWebDriver.findElement(RemoteWebDriver.java:315)
	at Automation_ObjectPages.SeleniumTrainingPage.seleniumPageLinks(SeleniumTrainingPage.java:16)
	at Automation_PageObject_TestCases.DemoWebSite_TestCases.seleniumPage_Links(DemoWebSite_TestCases.java:18)
	at java.base/java.util.ArrayList.forEach(ArrayList.java:1511)
... Removed 32 stack frames</pre></div><a href='#' onClick='toggleBox("stack-trace2083071191", this, "Click to show all stack frames", "Click to hide stack frames")'>Click to show all stack frames</a>
<div class='stack-trace' id='stack-trace2083071191'><pre>org.openqa.selenium.NoSuchElementException: no such element: Unable to locate element: {&quot;method&quot;:&quot;link text&quot;,&quot;selector&quot;:&quot;Selenium Training&quot;}
  (Session info: chrome=120.0.6099.72)
For documentation on this error, please visit: https://www.seleniumhq.org/exceptions/no_such_element.html
Build info: version: &apos;3.141.59&apos;, revision: &apos;e82be7d358&apos;, time: &apos;2018-11-14T08:17:03&apos;
System info: host: &apos;BA-000311899&apos;, ip: &apos;192.168.55.104&apos;, os.name: &apos;Windows 10&apos;, os.arch: &apos;amd64&apos;, os.version: &apos;10.0&apos;, java.version: &apos;17.0.8.1&apos;
Driver info: org.openqa.selenium.chrome.ChromeDriver
Capabilities {acceptInsecureCerts: false, browserName: chrome, browserVersion: 120.0.6099.72, chrome: {chromedriverVersion: 120.0.6099.71 (9729082fe617..., userDataDir: C:\Users\PUCHHA~1.PAV\AppDa...}, fedcm:accounts: true, goog:chromeOptions: {debuggerAddress: localhost:54843}, javascriptEnabled: true, networkConnectionEnabled: false, pageLoadStrategy: normal, platform: WINDOWS, platformName: WINDOWS, proxy: Proxy(), setWindowRect: true, strictFileInteractability: false, timeouts: {implicit: 0, pageLoad: 300000, script: 30000}, unhandledPromptBehavior: dismiss and notify, webauthn:extension:credBlob: true, webauthn:extension:largeBlob: true, webauthn:extension:minPinLength: true, webauthn:extension:prf: true, webauthn:virtualAuthenticators: true}
Session ID: 36a44bea34c362ce6bf6dfa80e9109ad
*** Element info: {Using=link text, value=Selenium Training}
	at java.base/jdk.internal.reflect.NativeConstructorAccessorImpl.newInstance0(Native Method)
	at java.base/jdk.internal.reflect.NativeConstructorAccessorImpl.newInstance(NativeConstructorAccessorImpl.java:77)
	at java.base/jdk.internal.reflect.DelegatingConstructorAccessorImpl.newInstance(DelegatingConstructorAccessorImpl.java:45)
	at java.base/java.lang.reflect.Constructor.newInstanceWithCaller(Constructor.java:499)
	at java.base/java.lang.reflect.Constructor.newInstance(Constructor.java:480)
	at org.openqa.selenium.remote.http.W3CHttpResponseCodec.createException(W3CHttpResponseCodec.java:187)
	at org.openqa.selenium.remote.http.W3CHttpResponseCodec.decode(W3CHttpResponseCodec.java:122)
	at org.openqa.selenium.remote.http.W3CHttpResponseCodec.decode(W3CHttpResponseCodec.java:49)
	at org.openqa.selenium.remote.HttpCommandExecutor.execute(HttpCommandExecutor.java:158)
	at org.openqa.selenium.remote.service.DriverCommandExecutor.execute(DriverCommandExecutor.java:83)
	at org.openqa.selenium.remote.RemoteWebDriver.execute(RemoteWebDriver.java:552)
	at org.openqa.selenium.remote.RemoteWebDriver.findElement(RemoteWebDriver.java:323)
	at org.openqa.selenium.remote.RemoteWebDriver.findElementByLinkText(RemoteWebDriver.java:380)
	at org.openqa.selenium.By$ByLinkText.findElement(By.java:220)
	at org.openqa.selenium.remote.RemoteWebDriver.findElement(RemoteWebDriver.java:315)
	at Automation_ObjectPages.SeleniumTrainingPage.seleniumPageLinks(SeleniumTrainingPage.java:16)
	at Automation_PageObject_TestCases.DemoWebSite_TestCases.seleniumPage_Links(DemoWebSite_TestCases.java:18)
	at java.base/jdk.internal.reflect.NativeMethodAccessorImpl.invoke0(Native Method)
	at java.base/jdk.internal.reflect.NativeMethodAccessorImpl.invoke(NativeMethodAccessorImpl.java:77)
	at java.base/jdk.internal.reflect.DelegatingMethodAccessorImpl.invoke(DelegatingMethodAccessorImpl.java:43)
	at java.base/java.lang.reflect.Method.invoke(Method.java:568)
	at org.testng.internal.invokers.MethodInvocationHelper.invokeMethod(MethodInvocationHelper.java:139)
	at org.testng.internal.invokers.TestInvoker.invokeMethod(TestInvoker.java:677)
	at org.testng.internal.invokers.TestInvoker.invokeTestMethod(TestInvoker.java:221)
	at org.testng.internal.invokers.MethodRunner.runInSequence(MethodRunner.java:50)
	at org.testng.internal.invokers.TestInvoker$MethodInvocationAgent.invoke(TestInvoker.java:962)
	at org.testng.internal.invokers.TestInvoker.invokeTestMethods(TestInvoker.java:194)
	at org.testng.internal.invokers.TestMethodWorker.invokeTestMethods(TestMethodWorker.java:148)
	at org.testng.internal.invokers.TestMethodWorker.run(TestMethodWorker.java:128)
	at java.base/java.util.ArrayList.forEach(ArrayList.java:1511)
	at org.testng.TestRunner.privateRun(TestRunner.java:806)
	at org.testng.TestRunner.run(TestRunner.java:601)
	at org.testng.SuiteRunner.runTest(SuiteRunner.java:433)
	at org.testng.SuiteRunner.runSequentially(SuiteRunner.java:427)
	at org.testng.SuiteRunner.privateRun(SuiteRunner.java:387)
	at org.testng.SuiteRunner.run(SuiteRunner.java:330)
	at org.testng.SuiteRunnerWorker.runSuite(SuiteRunnerWorker.java:52)
	at org.testng.SuiteRunnerWorker.run(SuiteRunnerWorker.java:95)
	at org.testng.TestNG.runSuitesSequentially(TestNG.java:1256)
	at org.testng.TestNG.runSuitesLocally(TestNG.java:1176)
	at org.testng.TestNG.runSuites(TestNG.java:1099)
	at org.testng.TestNG.run(TestNG.java:1067)
	at org.testng.remote.AbstractRemoteTestNG.run(AbstractRemoteTestNG.java:115)
	at org.testng.remote.RemoteTestNG.initAndRun(RemoteTestNG.java:251)
	at org.testng.remote.RemoteTestNG.main(RemoteTestNG.java:77)
</pre></div></td>
<td>10</td>
<td>Automation_PageObject_TestCases.DemoWebSite_TestCases@33308786</td></tr>
</table><p>
<table width='100%' border='1' class='invocation-passed'>
<tr><td colspan='4' align='center'><b>PASSED TESTS</b></td></tr>
<tr><td><b>Test method</b></td>
<td><b>Attribute(s)</b></td>
<td width="30%"><b>Exception</b></td>
<td width="10%"><b>Time (seconds)</b></td>
<td><b>Instance</b></td>
</tr>
<tr>
<td title='Automation_PageObject_TestCases.DemoWebSite_TestCases.alertPage()'><b>alertPage</b><br>Test class: Automation_PageObject_TestCases.DemoWebSite_TestCases<br/>
<a href="#Output-235423657" onClick='toggleBox("Output-235423657", this, "Show output", "Hide output");'>Show output</a>

<a href="#Output-235423657" onClick="toggleAllBoxes();">Show all outputs</a>
<div class='log' id="Output-235423657">
I am an alert box!<br/>
Confirm pop up with OK and Cancel button<br/>
Confirm pop up with OK and Cancel button<br/>
Do you like Automation ?<br/>
</div>
</td>
<td></td>
<td>16</td>
<td>Automation_PageObject_TestCases.DemoWebSite_TestCases@33308786</td></tr>
<tr>
<td title='Automation_PageObject_TestCases.DemoWebSite_TestCases.iframePage()'><b>iframePage</b><br>Test class: Automation_PageObject_TestCases.DemoWebSite_TestCases<br/>
<a href="#Output-63712830" onClick='toggleBox("Output-63712830", this, "Show output", "Hide output");'>Show output</a>

<a href="#Output-63712830" onClick="toggleAllBoxes();">Show all outputs</a>
<div class='log' id="Output-63712830">
First Name input is working fine<br/>
last Name input is working fine<br/>
gender is working fine<br/>
address is working fine<br/>
address2 is working fine<br/>
city is working fine<br/>
state is working fine<br/>
pincode is working fine<br/>
countryBox is working fine<br/>
gmail is working fine<br/>
Date is working fine<br/>
Hours are working fine<br/>
Minutes are working fine<br/>
Phone Number field is working fine<br/>
Courses1 is working fine<br/>
Courses2 is working fine<br/>
Query field is working fine<br/>
code is working fine<br/>
</div>
</td>
<td></td>
<td>17</td>
<td>Automation_PageObject_TestCases.DemoWebSite_TestCases@33308786</td></tr>
<tr>
<td title='Automation_PageObject_TestCases.DemoWebSite_TestCases.TestData()'><b>TestData</b><br>Test class: Automation_PageObject_TestCases.DemoWebSite_TestCases<br>Parameters: pavan, kumar, banagalore, banagalore, banagalore, Karnataka, 516007, India, pavan@gmail.com, 11/11/1111, 11, 15, 8416410620, Nothing<br/>
<a href="#Output-1517251756" onClick='toggleBox("Output-1517251756", this, "Show output", "Hide output");'>Show output</a>

<a href="#Output-1517251756" onClick="toggleAllBoxes();">Show all outputs</a>
<div class='log' id="Output-1517251756">
First Name input is working fine<br/>
last Name input is working fine<br/>
gender is working fine<br/>
address is working fine<br/>
address2 is working fine<br/>
city is working fine<br/>
state is working fine<br/>
pincode is working fine<br/>
countryBox is working fine<br/>
gmail is working fine<br/>
Date is working fine<br/>
Hours are working fine<br/>
Minutes are working fine<br/>
Phone Number field is working fine<br/>
Courses1 is working fine<br/>
Courses2 is working fine<br/>
Query field is working fine<br/>
code is working fine<br/>
</div>
</td>
<td></td>
<td>9</td>
<td>Automation_PageObject_TestCases.DemoWebSite_TestCases@33308786</td></tr>
<tr>
<td title='Automation_PageObject_TestCases.DemoWebSite_TestCases.mouseEventPage()'><b>mouseEventPage</b><br>Test class: Automation_PageObject_TestCases.DemoWebSite_TestCases</td>
<td></td>
<td>2</td>
<td>Automation_PageObject_TestCases.DemoWebSite_TestCases@33308786</td></tr>
<tr>
<td title='Automation_PageObject_TestCases.DemoWebSite_TestCases.webTablePage()'><b>webTablePage</b><br>Test class: Automation_PageObject_TestCases.DemoWebSite_TestCases</td>
<td></td>
<td>6</td>
<td>Automation_PageObject_TestCases.DemoWebSite_TestCases@33308786</td></tr>
<tr>
<td title='Automation_PageObject_TestCases.DemoWebSite_TestCases.homePage()'><b>homePage</b><br>Test class: Automation_PageObject_TestCases.DemoWebSite_TestCases</td>
<td></td>
<td>1</td>
<td>Automation_PageObject_TestCases.DemoWebSite_TestCases@33308786</td></tr>
<tr>
<td title='Automation_PageObject_TestCases.DemoWebSite_TestCases.navigateToDemoPage()'><b>navigateToDemoPage</b><br>Test class: Automation_PageObject_TestCases.DemoWebSite_TestCases</td>
<td></td>
<td>2</td>
<td>Automation_PageObject_TestCases.DemoWebSite_TestCases@33308786</td></tr>
<tr>
<td title='Automation_PageObject_TestCases.DemoWebSite_TestCases.successfullPage()'><b>successfullPage</b><br>Test class: Automation_PageObject_TestCases.DemoWebSite_TestCases</td>
<td></td>
<td>0</td>
<td>Automation_PageObject_TestCases.DemoWebSite_TestCases@33308786</td></tr>
<tr>
<td title='Automation_PageObject_TestCases.DemoWebSite_TestCases.dynamicPage()'><b>dynamicPage</b><br>Test class: Automation_PageObject_TestCases.DemoWebSite_TestCases</td>
<td></td>
<td>3</td>
<td>Automation_PageObject_TestCases.DemoWebSite_TestCases@33308786</td></tr>
<tr>
<td title='Automation_PageObject_TestCases.DemoWebSite_TestCases.multiWindowsPage()'><b>multiWindowsPage</b><br>Test class: Automation_PageObject_TestCases.DemoWebSite_TestCases</td>
<td></td>
<td>6</td>
<td>Automation_PageObject_TestCases.DemoWebSite_TestCases@33308786</td></tr>
<tr>
<td title='Automation_PageObject_TestCases.DemoWebSite_TestCases.progressBarPage()'><b>progressBarPage</b><br>Test class: Automation_PageObject_TestCases.DemoWebSite_TestCases</td>
<td></td>
<td>11</td>
<td>Automation_PageObject_TestCases.DemoWebSite_TestCases@33308786</td></tr>
</table><p>
</body>
</html>