<?xml version="1.0" encoding="UTF-8"?>
<!-- Generated by org.testng.reporters.JUnitXMLReporter -->
<testsuite ignored="0" hostname="BA-000311899" failures="1" tests="12" name="Test" time="91.172" errors="0" timestamp="2023-12-19T09:19:55 IST">
  <testcase classname="Automation_PageObject_TestCases.DemoWebSite_TestCases" name="seleniumPage_Links" time="10.321">
    <failure type="org.openqa.selenium.NoSuchElementException" message="no such element: Unable to locate element: {&amp;quot;method&amp;quot;:&amp;quot;link text&amp;quot;,&amp;quot;selector&amp;quot;:&amp;quot;Selenium Training&amp;quot;}
  (Session info: chrome=120.0.6099.72)
For documentation on this error, please visit: https://www.seleniumhq.org/exceptions/no_such_element.html
Build info: version: &amp;apos;3.141.59&amp;apos;, revision: &amp;apos;e82be7d358&amp;apos;, time: &amp;apos;2018-11-14T08:17:03&amp;apos;
System info: host: &amp;apos;BA-000311899&amp;apos;, ip: &amp;apos;192.168.55.104&amp;apos;, os.name: &amp;apos;Windows 10&amp;apos;, os.arch: &amp;apos;amd64&amp;apos;, os.version: &amp;apos;10.0&amp;apos;, java.version: &amp;apos;17.0.8.1&amp;apos;
Driver info: org.openqa.selenium.chrome.ChromeDriver
Capabilities {acceptInsecureCerts: false, browserName: chrome, browserVersion: 120.0.6099.72, chrome: {chromedriverVersion: 120.0.6099.71 (9729082fe617..., userDataDir: C:\Users\PUCHHA~1.PAV\AppDa...}, fedcm:accounts: true, goog:chromeOptions: {debuggerAddress: localhost:54843}, javascriptEnabled: true, networkConnectionEnabled: false, pageLoadStrategy: normal, platform: WINDOWS, platformName: WINDOWS, proxy: Proxy(), setWindowRect: true, strictFileInteractability: false, timeouts: {implicit: 0, pageLoad: 300000, script: 30000}, unhandledPromptBehavior: dismiss and notify, webauthn:extension:credBlob: true, webauthn:extension:largeBlob: true, webauthn:extension:minPinLength: true, webauthn:extension:prf: true, webauthn:virtualAuthenticators: true}
Session ID: 36a44bea34c362ce6bf6dfa80e9109ad
*** Element info: {Using=link text, value=Selenium Training}">
      <![CDATA[org.openqa.selenium.NoSuchElementException: no such element: Unable to locate element: {"method":"link text","selector":"Selenium Training"}
  (Session info: chrome=120.0.6099.72)
For documentation on this error, please visit: https://www.seleniumhq.org/exceptions/no_such_element.html
Build info: version: '3.141.59', revision: 'e82be7d358', time: '2018-11-14T08:17:03'
System info: host: 'BA-000311899', ip: '192.168.55.104', os.name: 'Windows 10', os.arch: 'amd64', os.version: '10.0', java.version: '17.0.8.1'
Driver info: org.openqa.selenium.chrome.ChromeDriver
Capabilities {acceptInsecureCerts: false, browserName: chrome, browserVersion: 120.0.6099.72, chrome: {chromedriverVersion: 120.0.6099.71 (9729082fe617..., userDataDir: C:\Users\PUCHHA~1.PAV\AppDa...}, fedcm:accounts: true, goog:chromeOptions: {debuggerAddress: localhost:54843}, javascriptEnabled: true, networkConnectionEnabled: false, pageLoadStrategy: normal, platform: WINDOWS, platformName: WINDOWS, proxy: Proxy(), setWindowRect: true, strictFileInteractability: false, timeouts: {implicit: 0, pageLoad: 300000, script: 30000}, unhandledPromptBehavior: dismiss and notify, webauthn:extension:credBlob: true, webauthn:extension:largeBlob: true, webauthn:extension:minPinLength: true, webauthn:extension:prf: true, webauthn:virtualAuthenticators: true}
Session ID: 36a44bea34c362ce6bf6dfa80e9109ad
*** Element info: {Using=link text, value=Selenium Training}
at org.openqa.selenium.remote.http.W3CHttpResponseCodec.createException(W3CHttpResponseCodec.java:187)
at org.openqa.selenium.remote.http.W3CHttpResponseCodec.decode(W3CHttpResponseCodec.java:122)
at org.openqa.selenium.remote.http.W3CHttpResponseCodec.decode(W3CHttpResponseCodec.java:49)
at org.openqa.selenium.remote.HttpCommandExecutor.execute(HttpCommandExecutor.java:158)
at org.openqa.selenium.remote.service.DriverCommandExecutor.execute(DriverCommandExecutor.java:83)
at org.openqa.selenium.remote.RemoteWebDriver.execute(RemoteWebDriver.java:552)
at org.openqa.selenium.remote.RemoteWebDriver.findElement(RemoteWebDriver.java:323)
at org.openqa.selenium.remote.RemoteWebDriver.findElementByLinkText(RemoteWebDriver.java:380)
at org.openqa.selenium.By$ByLinkText.findElement(By.java:220)
at org.openqa.selenium.remote.RemoteWebDriver.findElement(RemoteWebDriver.java:315)
at Automation_ObjectPages.SeleniumTrainingPage.seleniumPageLinks(SeleniumTrainingPage.java:16)
at Automation_PageObject_TestCases.DemoWebSite_TestCases.seleniumPage_Links(DemoWebSite_TestCases.java:18)
at java.base/java.util.ArrayList.forEach(ArrayList.java:1511)
... Removed 32 stack frames]]>
    </failure>
  </testcase> <!-- seleniumPage_Links -->
  <testcase classname="Automation_PageObject_TestCases.DemoWebSite_TestCases" name="navigateToDemoPage" time="2.346"/>
  <testcase classname="Automation_PageObject_TestCases.DemoWebSite_TestCases" name="TestData" time="9.845"/>
  <testcase classname="Automation_PageObject_TestCases.DemoWebSite_TestCases" name="successfullPage" time="0.238"/>
  <testcase classname="Automation_PageObject_TestCases.DemoWebSite_TestCases" name="dynamicPage" time="3.713"/>
  <testcase classname="Automation_PageObject_TestCases.DemoWebSite_TestCases" name="mouseEventPage" time="2.423"/>
  <testcase classname="Automation_PageObject_TestCases.DemoWebSite_TestCases" name="alertPage" time="16.145"/>
  <testcase classname="Automation_PageObject_TestCases.DemoWebSite_TestCases" name="multiWindowsPage" time="6.454"/>
  <testcase classname="Automation_PageObject_TestCases.DemoWebSite_TestCases" name="webTablePage" time="6.156"/>
  <testcase classname="Automation_PageObject_TestCases.DemoWebSite_TestCases" name="progressBarPage" time="11.364"/>
  <testcase classname="Automation_PageObject_TestCases.DemoWebSite_TestCases" name="iframePage" time="17.583"/>
  <testcase classname="Automation_PageObject_TestCases.DemoWebSite_TestCases" name="homePage" time="1.181"/>
</testsuite> <!-- Test -->
