<?xml version="1.0" encoding="UTF-8"?>
<testng-results ignored="11" total="12" passed="1" failed="0" skipped="0">
  <reporter-output>
    <line>
      <![CDATA[First Name input is working fine]]>
    </line>
    <line>
      <![CDATA[last Name input is working fine]]>
    </line>
    <line>
      <![CDATA[gender is working fine]]>
    </line>
    <line>
      <![CDATA[address is working fine]]>
    </line>
    <line>
      <![CDATA[address2 is working fine]]>
    </line>
    <line>
      <![CDATA[city is working fine]]>
    </line>
    <line>
      <![CDATA[state is working fine]]>
    </line>
    <line>
      <![CDATA[pincode is working fine]]>
    </line>
    <line>
      <![CDATA[countryBox is working fine]]>
    </line>
    <line>
      <![CDATA[gmail is working fine]]>
    </line>
    <line>
      <![CDATA[Date is working fine]]>
    </line>
    <line>
      <![CDATA[Hours are working fine]]>
    </line>
    <line>
      <![CDATA[Minutes are working fine]]>
    </line>
    <line>
      <![CDATA[Phone Number field is working fine]]>
    </line>
    <line>
      <![CDATA[Courses1 is working fine]]>
    </line>
    <line>
      <![CDATA[Courses2 is working fine]]>
    </line>
    <line>
      <![CDATA[Query field is working fine]]>
    </line>
    <line>
      <![CDATA[code is working fine]]>
    </line>
  </reporter-output>
  <suite started-at="2023-12-15T12:23:57 IST" name="Default suite" finished-at="2023-12-15T12:24:12 IST" duration-ms="14836">
    <groups>
    </groups>
    <test started-at="2023-12-15T12:23:57 IST" name="Default test" finished-at="2023-12-15T12:24:12 IST" duration-ms="14836">
      <class name="Automation_PageObject_TestCases.DemoWebSite_TestCases">
        <test-method is-config="true" signature="launchApplication()[pri:0, instance:Automation_PageObject_TestCases.DemoWebSite_TestCases@7d1cfb8b]" started-at="2023-12-15T12:23:43 IST" name="launchApplication" finished-at="2023-12-15T12:23:57 IST" duration-ms="14273" status="PASS">
          <reporter-output>
          </reporter-output>
        </test-method> <!-- launchApplication -->
        <test-method signature="TestData(java.lang.String,java.lang.String,java.lang.String,java.lang.String,java.lang.String,java.lang.String,java.lang.String,java.lang.String,java.lang.String,java.lang.String,java.lang.String,java.lang.String,java.lang.String,java.lang.String)[pri:4, instance:Automation_PageObject_TestCases.DemoWebSite_TestCases@7d1cfb8b]" started-at="2023-12-15T12:23:59 IST" name="TestData" data-provider="testdata" finished-at="2023-12-15T12:24:12 IST" duration-ms="12552" status="PASS">
          <params>
            <param index="0">
              <value>
                <![CDATA[pavan]]>
              </value>
            </param>
            <param index="1">
              <value>
                <![CDATA[kumar]]>
              </value>
            </param>
            <param index="2">
              <value>
                <![CDATA[banagalore]]>
              </value>
            </param>
            <param index="3">
              <value>
                <![CDATA[banagalore]]>
              </value>
            </param>
            <param index="4">
              <value>
                <![CDATA[banagalore]]>
              </value>
            </param>
            <param index="5">
              <value>
                <![CDATA[Karnataka]]>
              </value>
            </param>
            <param index="6">
              <value>
                <![CDATA[516007]]>
              </value>
            </param>
            <param index="7">
              <value>
                <![CDATA[India]]>
              </value>
            </param>
            <param index="8">
              <value>
                <![CDATA[pavan@gmail.com]]>
              </value>
            </param>
            <param index="9">
              <value>
                <![CDATA[11/11/1111]]>
              </value>
            </param>
            <param index="10">
              <value>
                <![CDATA[11]]>
              </value>
            </param>
            <param index="11">
              <value>
                <![CDATA[15]]>
              </value>
            </param>
            <param index="12">
              <value>
                <![CDATA[8416410620]]>
              </value>
            </param>
            <param index="13">
              <value>
                <![CDATA[Nothing]]>
              </value>
            </param>
          </params>
          <reporter-output>
            <line>
              <![CDATA[First Name input is working fine]]>
            </line>
            <line>
              <![CDATA[last Name input is working fine]]>
            </line>
            <line>
              <![CDATA[gender is working fine]]>
            </line>
            <line>
              <![CDATA[address is working fine]]>
            </line>
            <line>
              <![CDATA[address2 is working fine]]>
            </line>
            <line>
              <![CDATA[city is working fine]]>
            </line>
            <line>
              <![CDATA[state is working fine]]>
            </line>
            <line>
              <![CDATA[pincode is working fine]]>
            </line>
            <line>
              <![CDATA[countryBox is working fine]]>
            </line>
            <line>
              <![CDATA[gmail is working fine]]>
            </line>
            <line>
              <![CDATA[Date is working fine]]>
            </line>
            <line>
              <![CDATA[Hours are working fine]]>
            </line>
            <line>
              <![CDATA[Minutes are working fine]]>
            </line>
            <line>
              <![CDATA[Phone Number field is working fine]]>
            </line>
            <line>
              <![CDATA[Courses1 is working fine]]>
            </line>
            <line>
              <![CDATA[Courses2 is working fine]]>
            </line>
            <line>
              <![CDATA[Query field is working fine]]>
            </line>
            <line>
              <![CDATA[code is working fine]]>
            </line>
          </reporter-output>
        </test-method> <!-- TestData -->
        <test-method is-config="true" signature="closeApplication()[pri:0, instance:Automation_PageObject_TestCases.DemoWebSite_TestCases@7d1cfb8b]" started-at="2023-12-15T12:24:12 IST" name="closeApplication" finished-at="2023-12-15T12:24:13 IST" duration-ms="579" status="PASS">
          <reporter-output>
          </reporter-output>
        </test-method> <!-- closeApplication -->
      </class> <!-- Automation_PageObject_TestCases.DemoWebSite_TestCases -->
    </test> <!-- Default test -->
  </suite> <!-- Default suite -->
</testng-results>
