<?xml version="1.0" encoding="UTF-8"?>
<testng-results ignored="0" total="5" passed="5" failed="0" skipped="0">
  <reporter-output>
    <line>
      <![CDATA[First Name input is working fine]]>
    </line>
    <line>
      <![CDATA[last Name input is working fine]]>
    </line>
    <line>
      <![CDATA[gender is working fine]]>
    </line>
    <line>
      <![CDATA[address is working fine]]>
    </line>
    <line>
      <![CDATA[address2 is working fine]]>
    </line>
    <line>
      <![CDATA[city is working fine]]>
    </line>
    <line>
      <![CDATA[state is working fine]]>
    </line>
    <line>
      <![CDATA[pincode is working fine]]>
    </line>
    <line>
      <![CDATA[countryBox is working fine]]>
    </line>
    <line>
      <![CDATA[gmail is working fine]]>
    </line>
    <line>
      <![CDATA[Date is working fine]]>
    </line>
    <line>
      <![CDATA[Hours are working fine]]>
    </line>
    <line>
      <![CDATA[Minutes are working fine]]>
    </line>
    <line>
      <![CDATA[Phone Number field is working fine]]>
    </line>
    <line>
      <![CDATA[Courses1 is working fine]]>
    </line>
    <line>
      <![CDATA[Courses2 is working fine]]>
    </line>
    <line>
      <![CDATA[Query field is working fine]]>
    </line>
    <line>
      <![CDATA[code is working fine]]>
    </line>
  </reporter-output>
  <suite started-at="2023-12-07T11:24:44 IST" name="Suite" finished-at="2023-12-07T11:24:56 IST" duration-ms="11953">
    <groups>
    </groups>
    <test started-at="2023-12-07T11:24:44 IST" name="Test" finished-at="2023-12-07T11:24:56 IST" duration-ms="11953">
      <class name="Automation_PageObject_TestCases.DemoWebSite_TestCases">
        <test-method is-config="true" signature="launchApplication()[pri:0, instance:Automation_PageObject_TestCases.DemoWebSite_TestCases@335b5620]" started-at="2023-12-07T11:24:36 IST" name="launchApplication" finished-at="2023-12-07T11:24:44 IST" duration-ms="8460" status="PASS">
          <reporter-output>
          </reporter-output>
        </test-method> <!-- launchApplication -->
        <test-method signature="homePage()[pri:0, instance:Automation_PageObject_TestCases.DemoWebSite_TestCases@335b5620]" started-at="2023-12-07T11:24:44 IST" name="homePage" finished-at="2023-12-07T11:24:45 IST" duration-ms="293" status="PASS">
          <reporter-output>
          </reporter-output>
        </test-method> <!-- homePage -->
        <test-method signature="seleniumPage_Links()[pri:2, instance:Automation_PageObject_TestCases.DemoWebSite_TestCases@335b5620]" started-at="2023-12-07T11:24:45 IST" name="seleniumPage_Links" finished-at="2023-12-07T11:24:47 IST" duration-ms="2444" status="PASS">
          <reporter-output>
          </reporter-output>
        </test-method> <!-- seleniumPage_Links -->
        <test-method signature="navigateToDemoPage()[pri:3, instance:Automation_PageObject_TestCases.DemoWebSite_TestCases@335b5620]" started-at="2023-12-07T11:24:47 IST" name="navigateToDemoPage" finished-at="2023-12-07T11:24:49 IST" duration-ms="1603" status="PASS">
          <reporter-output>
          </reporter-output>
        </test-method> <!-- navigateToDemoPage -->
        <test-method signature="registerPage()[pri:4, instance:Automation_PageObject_TestCases.DemoWebSite_TestCases@335b5620]" started-at="2023-12-07T11:24:49 IST" name="registerPage" finished-at="2023-12-07T11:24:55 IST" duration-ms="6272" status="PASS">
          <reporter-output>
            <line>
              <![CDATA[First Name input is working fine]]>
            </line>
            <line>
              <![CDATA[last Name input is working fine]]>
            </line>
            <line>
              <![CDATA[gender is working fine]]>
            </line>
            <line>
              <![CDATA[address is working fine]]>
            </line>
            <line>
              <![CDATA[address2 is working fine]]>
            </line>
            <line>
              <![CDATA[city is working fine]]>
            </line>
            <line>
              <![CDATA[state is working fine]]>
            </line>
            <line>
              <![CDATA[pincode is working fine]]>
            </line>
            <line>
              <![CDATA[countryBox is working fine]]>
            </line>
            <line>
              <![CDATA[gmail is working fine]]>
            </line>
            <line>
              <![CDATA[Date is working fine]]>
            </line>
            <line>
              <![CDATA[Hours are working fine]]>
            </line>
            <line>
              <![CDATA[Minutes are working fine]]>
            </line>
            <line>
              <![CDATA[Phone Number field is working fine]]>
            </line>
            <line>
              <![CDATA[Courses1 is working fine]]>
            </line>
            <line>
              <![CDATA[Courses2 is working fine]]>
            </line>
            <line>
              <![CDATA[Query field is working fine]]>
            </line>
            <line>
              <![CDATA[code is working fine]]>
            </line>
          </reporter-output>
        </test-method> <!-- registerPage -->
        <test-method signature="successfullPage()[pri:5, instance:Automation_PageObject_TestCases.DemoWebSite_TestCases@335b5620]" started-at="2023-12-07T11:24:56 IST" name="successfullPage" finished-at="2023-12-07T11:24:56 IST" duration-ms="253" status="PASS">
          <reporter-output>
          </reporter-output>
        </test-method> <!-- successfullPage -->
        <test-method is-config="true" signature="closeApplication()[pri:0, instance:Automation_PageObject_TestCases.DemoWebSite_TestCases@335b5620]" started-at="2023-12-07T11:24:58 IST" name="closeApplication" finished-at="2023-12-07T11:24:59 IST" duration-ms="326" status="PASS">
          <reporter-output>
          </reporter-output>
        </test-method> <!-- closeApplication -->
      </class> <!-- Automation_PageObject_TestCases.DemoWebSite_TestCases -->
    </test> <!-- Test -->
  </suite> <!-- Suite -->
</testng-results>
