<?xml version="1.0" encoding="UTF-8"?>
<!-- Generated by org.testng.reporters.JUnitReportReporter -->
<testsuite hostname="BA-000311899" failures="0" tests="1" name="Automation_PageObject_TestCases.DemoWebSite_TestCases" time="12.552" errors="0" timestamp="2023-12-15T12:24:13 IST" skipped="0">
  <testcase classname="Automation_PageObject_TestCases.DemoWebSite_TestCases" name="TestData" time="12.552"/>
  <system-out>
    <![CDATA[First Name input is working fine
last Name input is working fine
gender is working fine
address is working fine
address2 is working fine
city is working fine
state is working fine
pincode is working fine
countryBox is working fine
gmail is working fine
Date is working fine
Hours are working fine
Minutes are working fine
Phone Number field is working fine
Courses1 is working fine
Courses2 is working fine
Query field is working fine
code is working fine]]>
  </system-out>
</testsuite> <!-- Automation_PageObject_TestCases.DemoWebSite_TestCases -->
