<?xml version="1.0" encoding="UTF-8"?>
<!-- Generated by org.testng.reporters.JUnitReportReporter -->
<testsuite hostname="BA-000311899" failures="0" tests="12" name="Automation_PageObject_TestCases.DemoWebSite_TestCases" time="87.769" errors="1" timestamp="2023-12-19T09:19:56 IST" skipped="0">
  <testcase classname="Automation_PageObject_TestCases.DemoWebSite_TestCases" name="seleniumPage_Links" time="10.321">
    <error message="no such element: Unable to locate element: {&quot;method&quot;:&quot;link text&quot;,&quot;selector&quot;:&quot;Selenium Training&quot;}
  (Session info: chrome=120.0.6099.72)
For documentation on this error, please visit: https://www.seleniumhq.org/exceptions/no_such_element.html
Build info: version: &#039;3.141.59&#039;, revision: &#039;e82be7d358&#039;, time: &#039;2018-11-14T08:17:03&#039;
System info: host: &#039;BA-000311899&#039;, ip: &#039;192.168.55.104&#039;, os.name: &#039;Windows 10&#039;, os.arch: &#039;amd64&#039;, os.version: &#039;10.0&#039;, java.version: &#039;17.0.8.1&#039;
Driver info: org.openqa.selenium.chrome.ChromeDriver
Capabilities {acceptInsecureCerts: false, browserName: chrome, browserVersion: 120.0.6099.72, chrome: {chromedriverVersion: 120.0.6099.71 (9729082fe617..., userDataDir: C:\Users\PUCHHA~1.PAV\AppDa...}, fedcm:accounts: true, goog:chromeOptions: {debuggerAddress: localhost:54843}, javascriptEnabled: true, networkConnectionEnabled: false, pageLoadStrategy: normal, platform: WINDOWS, platformName: WINDOWS, proxy: Proxy(), setWindowRect: true, strictFileInteractability: false, timeouts: {implicit: 0, pageLoad: 300000, script: 30000}, unhandledPromptBehavior: dismiss and notify, webauthn:extension:credBlob: true, webauthn:extension:largeBlob: true, webauthn:extension:minPinLength: true, webauthn:extension:prf: true, webauthn:virtualAuthenticators: true}
Session ID: 36a44bea34c362ce6bf6dfa80e9109ad
*** Element info: {Using=link text, value=Selenium Training}" type="org.openqa.selenium.NoSuchElementException">
      <![CDATA[org.openqa.selenium.NoSuchElementException: no such element: Unable to locate element: {"method":"link text","selector":"Selenium Training"}
  (Session info: chrome=120.0.6099.72)
For documentation on this error, please visit: https://www.seleniumhq.org/exceptions/no_such_element.html
Build info: version: '3.141.59', revision: 'e82be7d358', time: '2018-11-14T08:17:03'
System info: host: 'BA-000311899', ip: '192.168.55.104', os.name: 'Windows 10', os.arch: 'amd64', os.version: '10.0', java.version: '17.0.8.1'
Driver info: org.openqa.selenium.chrome.ChromeDriver
Capabilities {acceptInsecureCerts: false, browserName: chrome, browserVersion: 120.0.6099.72, chrome: {chromedriverVersion: 120.0.6099.71 (9729082fe617..., userDataDir: C:\Users\PUCHHA~1.PAV\AppDa...}, fedcm:accounts: true, goog:chromeOptions: {debuggerAddress: localhost:54843}, javascriptEnabled: true, networkConnectionEnabled: false, pageLoadStrategy: normal, platform: WINDOWS, platformName: WINDOWS, proxy: Proxy(), setWindowRect: true, strictFileInteractability: false, timeouts: {implicit: 0, pageLoad: 300000, script: 30000}, unhandledPromptBehavior: dismiss and notify, webauthn:extension:credBlob: true, webauthn:extension:largeBlob: true, webauthn:extension:minPinLength: true, webauthn:extension:prf: true, webauthn:virtualAuthenticators: true}
Session ID: 36a44bea34c362ce6bf6dfa80e9109ad
*** Element info: {Using=link text, value=Selenium Training}
at java.base/jdk.internal.reflect.NativeConstructorAccessorImpl.newInstance0(Native Method)
at java.base/jdk.internal.reflect.NativeConstructorAccessorImpl.newInstance(NativeConstructorAccessorImpl.java:77)
at java.base/jdk.internal.reflect.DelegatingConstructorAccessorImpl.newInstance(DelegatingConstructorAccessorImpl.java:45)
at java.base/java.lang.reflect.Constructor.newInstanceWithCaller(Constructor.java:499)
at java.base/java.lang.reflect.Constructor.newInstance(Constructor.java:480)
at org.openqa.selenium.remote.http.W3CHttpResponseCodec.createException(W3CHttpResponseCodec.java:187)
at org.openqa.selenium.remote.http.W3CHttpResponseCodec.decode(W3CHttpResponseCodec.java:122)
at org.openqa.selenium.remote.http.W3CHttpResponseCodec.decode(W3CHttpResponseCodec.java:49)
at org.openqa.selenium.remote.HttpCommandExecutor.execute(HttpCommandExecutor.java:158)
at org.openqa.selenium.remote.service.DriverCommandExecutor.execute(DriverCommandExecutor.java:83)
at org.openqa.selenium.remote.RemoteWebDriver.execute(RemoteWebDriver.java:552)
at org.openqa.selenium.remote.RemoteWebDriver.findElement(RemoteWebDriver.java:323)
at org.openqa.selenium.remote.RemoteWebDriver.findElementByLinkText(RemoteWebDriver.java:380)
at org.openqa.selenium.By$ByLinkText.findElement(By.java:220)
at org.openqa.selenium.remote.RemoteWebDriver.findElement(RemoteWebDriver.java:315)
at Automation_ObjectPages.SeleniumTrainingPage.seleniumPageLinks(SeleniumTrainingPage.java:16)
at Automation_PageObject_TestCases.DemoWebSite_TestCases.seleniumPage_Links(DemoWebSite_TestCases.java:18)
at java.base/jdk.internal.reflect.NativeMethodAccessorImpl.invoke0(Native Method)
at java.base/jdk.internal.reflect.NativeMethodAccessorImpl.invoke(NativeMethodAccessorImpl.java:77)
at java.base/jdk.internal.reflect.DelegatingMethodAccessorImpl.invoke(DelegatingMethodAccessorImpl.java:43)
at java.base/java.lang.reflect.Method.invoke(Method.java:568)
at org.testng.internal.invokers.MethodInvocationHelper.invokeMethod(MethodInvocationHelper.java:139)
at org.testng.internal.invokers.TestInvoker.invokeMethod(TestInvoker.java:677)
at org.testng.internal.invokers.TestInvoker.invokeTestMethod(TestInvoker.java:221)
at org.testng.internal.invokers.MethodRunner.runInSequence(MethodRunner.java:50)
at org.testng.internal.invokers.TestInvoker$MethodInvocationAgent.invoke(TestInvoker.java:962)
at org.testng.internal.invokers.TestInvoker.invokeTestMethods(TestInvoker.java:194)
at org.testng.internal.invokers.TestMethodWorker.invokeTestMethods(TestMethodWorker.java:148)
at org.testng.internal.invokers.TestMethodWorker.run(TestMethodWorker.java:128)
at java.base/java.util.ArrayList.forEach(ArrayList.java:1511)
at org.testng.TestRunner.privateRun(TestRunner.java:806)
at org.testng.TestRunner.run(TestRunner.java:601)
at org.testng.SuiteRunner.runTest(SuiteRunner.java:433)
at org.testng.SuiteRunner.runSequentially(SuiteRunner.java:427)
at org.testng.SuiteRunner.privateRun(SuiteRunner.java:387)
at org.testng.SuiteRunner.run(SuiteRunner.java:330)
at org.testng.SuiteRunnerWorker.runSuite(SuiteRunnerWorker.java:52)
at org.testng.SuiteRunnerWorker.run(SuiteRunnerWorker.java:95)
at org.testng.TestNG.runSuitesSequentially(TestNG.java:1256)
at org.testng.TestNG.runSuitesLocally(TestNG.java:1176)
at org.testng.TestNG.runSuites(TestNG.java:1099)
at org.testng.TestNG.run(TestNG.java:1067)
at org.testng.remote.AbstractRemoteTestNG.run(AbstractRemoteTestNG.java:115)
at org.testng.remote.RemoteTestNG.initAndRun(RemoteTestNG.java:251)
at org.testng.remote.RemoteTestNG.main(RemoteTestNG.java:77)
]]>
    </error>
  </testcase> <!-- seleniumPage_Links -->
  <system-out/>
  <testcase classname="Automation_PageObject_TestCases.DemoWebSite_TestCases" name="navigateToDemoPage" time="2.346"/>
  <system-out/>
  <testcase classname="Automation_PageObject_TestCases.DemoWebSite_TestCases" name="TestData" time="9.845"/>
  <system-out>
    <![CDATA[First Name input is working fine
last Name input is working fine
gender is working fine
address is working fine
address2 is working fine
city is working fine
state is working fine
pincode is working fine
countryBox is working fine
gmail is working fine
Date is working fine
Hours are working fine
Minutes are working fine
Phone Number field is working fine
Courses1 is working fine
Courses2 is working fine
Query field is working fine
code is working fine]]>
  </system-out>
  <testcase classname="Automation_PageObject_TestCases.DemoWebSite_TestCases" name="successfullPage" time="0.238"/>
  <system-out/>
  <testcase classname="Automation_PageObject_TestCases.DemoWebSite_TestCases" name="dynamicPage" time="3.713"/>
  <system-out/>
  <testcase classname="Automation_PageObject_TestCases.DemoWebSite_TestCases" name="mouseEventPage" time="2.423"/>
  <system-out/>
  <testcase classname="Automation_PageObject_TestCases.DemoWebSite_TestCases" name="alertPage" time="16.145"/>
  <system-out>
    <![CDATA[I am an alert box!
Confirm pop up with OK and Cancel button
Confirm pop up with OK and Cancel button
Do you like Automation ?]]>
  </system-out>
  <testcase classname="Automation_PageObject_TestCases.DemoWebSite_TestCases" name="multiWindowsPage" time="6.454"/>
  <system-out/>
  <testcase classname="Automation_PageObject_TestCases.DemoWebSite_TestCases" name="webTablePage" time="6.156"/>
  <system-out/>
  <testcase classname="Automation_PageObject_TestCases.DemoWebSite_TestCases" name="progressBarPage" time="11.364"/>
  <system-out/>
  <testcase classname="Automation_PageObject_TestCases.DemoWebSite_TestCases" name="iframePage" time="17.583"/>
  <system-out>
    <![CDATA[First Name input is working fine
last Name input is working fine
gender is working fine
address is working fine
address2 is working fine
city is working fine
state is working fine
pincode is working fine
countryBox is working fine
gmail is working fine
Date is working fine
Hours are working fine
Minutes are working fine
Phone Number field is working fine
Courses1 is working fine
Courses2 is working fine
Query field is working fine
code is working fine]]>
  </system-out>
  <testcase classname="Automation_PageObject_TestCases.DemoWebSite_TestCases" name="homePage" time="1.181"/>
  <system-out/>
</testsuite> <!-- Automation_PageObject_TestCases.DemoWebSite_TestCases -->
